---------------------------------------------------------------------------------------------------------------------------------------------------------------------------
      name:  <unnamed>
       log:  C:\Users\NMINOT\Dropbox (IFPRI)\Nepal USAID\Price analysis\Output/Nepal price seasonality.log
  log type:  text
 opened on:  21 Mar 2024, 16:33:30

. 
. * Import CPI data and convert to Stata
. clear 

. import excel "$datapath/Nepal CPI (2013-24)", firstrow
(7 vars, 127 obs)

. keep DateTime Value

. rename Value CPI

. gen year = substr(DateTime,1,4)

. gen month= substr(DateTime,6,2)

. destring year, replace
year: all characters numeric; replaced as int

. destring month, replace
month: all characters numeric; replaced as byte

. * Use full years 2014 to 2023
. keep if year>=2014 & year<=2023
(7 observations deleted)

. sort year month

. save "$datapath/CPI (2014-23)", replace
file C:\Users\NMINOT\Dropbox (IFPRI)\Nepal USAID\Price analysis\Data/CPI (2014-23).dta saved

. 
. clear

. import delimited "$datapath/wfp_food_prices_npl (2024 03)", varnames(1)
(encoding automatically selected: ISO-8859-1)
(14 vars, 32,358 obs)

. drop in 1
(1 observation deleted)

. destring price, replace
price: all characters numeric; replaced as double

. destring usdprice, replace
usdprice: all characters numeric; replaced as double

. recode price (0=.)
(0 changes made to price)

. gen year = substr(date,1,4)

. gen month= substr(date,6,2)

. destring year, replace
year: all characters numeric; replaced as int

. destring month, replace
month: all characters numeric; replaced as byte

. gen yr_mon = year+(month/100)

. format yr_mon %7.2f

. gen monnbr = (year-2000)*12+month

. sort year month

. order monnbr year month 

. 
. * Calculate real prices at 2023 prices
. * Merge with CPI data
. merge m:1 year month using "$datapath/CPI (2014-23)"

    Result                      Number of obs
    -----------------------------------------
    Not matched                         4,023
        from master                     4,011  (_merge==1)
        from using                         12  (_merge==2)

    Matched                            28,346  (_merge==3)
    -----------------------------------------

. * Recalculate CPI with base year 2023
. gen CPI_only2023 = CPI if year==2023
(26,507 missing values generated)

. egen CPI_avg2023 = mean(CPI_only2023)

. gen CPI_base23 = CPI/CPI_avg2023
(4,011 missing values generated)

. * Calculate real price of food with CPI
. gen realprice = price/CPI_base23
(4,023 missing values generated)

. drop CPI_only2023 CPI_avg2023

. 
. * Determine which markets to use
. tab commodity market if commodity=="Rice (coarse)"    | commodity=="Wheat flour" | ///
>                         commodity=="Lentils (broken)" | commodity=="Beans (black)" | ///
>                                 commodity=="Potatoes (red)"   | ///
>                                                 commodity=="Tomatoes"         | commodity=="Bananas" | ///
>                                                 commodity=="Apples"           | commodity=="Oil (soybean)" | ///
>                                                 commodity=="Oil (mustard)"

                      |                                                               market
            commodity |    Achham    Baglung      Banke  Bhairah..  Biratna..  Birendr..    Birgunj   Chainpur  Dhangadhi   Dhankuta   Dhanusha    Dipayal |     Total
----------------------+------------------------------------------------------------------------------------------------------------------------------------+----------
               Apples |         0         58          0         56         54         58         55         53         58         56          0          0 |     1,303 
              Bananas |         0         58          0         57         55         56         55         49         58         56          0          0 |     1,355 
        Beans (black) |         0         56          0         54         56         56         55         53         56         56          0          0 |     1,349 
     Lentils (broken) |         0         58          0         57         58         58         58         55         58         58          0          0 |     1,407 
        Oil (mustard) |         0         58          0         57         58         58         58         55         58         58          0          0 |     1,408 
        Oil (soybean) |         0         58          0         56         58         58         57         55         58         58          0          0 |     1,404 
       Potatoes (red) |         0         58          0         56         56         58         57         55         58         57          0          0 |     1,293 
        Rice (coarse) |       167         48        194         56         86         56         57         55         57        253         94         42 |     4,069 
             Tomatoes |         0         58          0         56         56         58         57         55         58         56          0          0 |     1,391 
          Wheat flour |       149         58         42         57         74         58         58         55         58        251         31         42 |     3,391 
----------------------+------------------------------------------------------------------------------------------------------------------------------------+----------
                Total |       316        568        236        562        611        574        567        540        577        959        125         84 |    18,370 


                      |                                                               market
            commodity |     Dunai   Gamgadhi    Hetauda       Ilam  Janakpu..      Jhapa      Jumla  Jumla K..    Kailali      Kaski  Kathmandu     Liwang |     Total
----------------------+------------------------------------------------------------------------------------------------------------------------------------+----------
               Apples |        40         36         57          0         56          0          0         43          0          0         56         58 |     1,303 
              Bananas |        54         49         57          0         57          0          0         56          0          0         56         58 |     1,355 
        Beans (black) |        56         56         56          0         51          0          0         56          0          0         56         56 |     1,349 
     Lentils (broken) |        58         58         58          0         57          0          0         58          0          0         58         58 |     1,407 
        Oil (mustard) |        58         58         58          0         58          0          0         58          0          0         58         58 |     1,408 
        Oil (soybean) |        58         58         58          0         57          0          0         58          0          0         58         58 |     1,404 
       Potatoes (red) |        30         31         57          0         58          0          0         45          0          0         56         58 |     1,293 
        Rice (coarse) |        54         57         57         83         57         83        197         57        196        176        225         57 |     4,069 
             Tomatoes |        56         57         58          0         57          0          0         57          0          0         57         58 |     1,391 
          Wheat flour |        58         58         58         83         57         43        199         58        198        166         89         58 |     3,391 
----------------------+------------------------------------------------------------------------------------------------------------------------------------+----------
                Total |       522        518        574        166        565        126        396        546        394        342        769        577 |    18,370 


                      |                                                               market
            commodity | Mangalsen   Manthali    Martadi     Morang    Musikot  Narayan..  Nepalgunj      Parsa     Phidim    Pokhara  Putalib..   Rajbiraj |     Total
----------------------+------------------------------------------------------------------------------------------------------------------------------------+----------
               Apples |        57         25         56          0         57         58         58          0         56         58          0         51 |     1,303 
              Bananas |        57         27         55          0         57         58         58          0         56         58          0         51 |     1,355 
        Beans (black) |        56         27         56          0         56         56         56          0         55         56          0         49 |     1,349 
     Lentils (broken) |        58         28         58          0         58         58         58          0         57         58          0         54 |     1,407 
        Oil (mustard) |        58         29         58          0         58         58         58          0         57         58          0         53 |     1,408 
        Oil (soybean) |        58         29         58          0         58         58         58          0         57         58          0         52 |     1,404 
       Potatoes (red) |        58         26         58          0         58         56         58          0         57         58          0         52 |     1,293 
        Rice (coarse) |        58         26         58        179         57        112         57        158         57         48         53         53 |     4,069 
             Tomatoes |        57         27         58          0         58         58         58          0         57         58          0         52 |     1,391 
          Wheat flour |        58         28         58        179         58        113         58        160         57         58         53         54 |     3,391 
----------------------+------------------------------------------------------------------------------------------------------------------------------------+----------
                Total |       575        272        573        358        575        685        577        318        566        568        106        521 |    18,370 


                      |                              market
            commodity |  Ramechap      Rolpa  Rupandehi    Simikot    Surkhet     Tansen |     Total
----------------------+------------------------------------------------------------------+----------
               Apples |         0          0          0         33          0          0 |     1,303 
              Bananas |         0          0          0         47          0          0 |     1,355 
        Beans (black) |         0          0          0         53          0          0 |     1,349 
     Lentils (broken) |         0          0          0         55          0          0 |     1,407 
        Oil (mustard) |         0          0          0         55          0          0 |     1,408 
        Oil (soybean) |         0          0          0         55          0          0 |     1,404 
       Potatoes (red) |         0          0          0         22          0          0 |     1,293 
        Rice (coarse) |        52        187        209         54        102         85 |     4,069 
             Tomatoes |         0          0          0         54          0          0 |     1,391 
          Wheat flour |        13         39        176         55         30         86 |     3,391 
----------------------+------------------------------------------------------------------+----------
                Total |        65        226        385        483        132        171 |    18,370 

. 
. * Select markets for analysis 
. tab market

          market |      Freq.     Percent        Cum.
-----------------+-----------------------------------
          Achham |        316        0.98        0.98
         Baglung |      1,168        3.61        4.59
           Banke |        254        0.78        5.37
      Bhairahawa |      1,153        3.56        8.93
      Biratnagar |      1,195        3.69       12.63
   Birendranagar |      1,183        3.66       16.28
         Birgunj |      1,157        3.58       19.86
        Chainpur |        988        3.05       22.91
       Dhangadhi |      1,110        3.43       26.34
        Dhankuta |      1,552        4.80       31.14
        Dhanusha |        125        0.39       31.53
         Dipayal |         84        0.26       31.79
           Dunai |      1,059        3.27       35.06
        Gamgadhi |      1,055        3.26       38.32
         Hetauda |      1,190        3.68       42.00
            Ilam |        166        0.51       42.51
    Janakpurdham |      1,141        3.53       46.04
           Jhapa |        126        0.39       46.43
           Jumla |        396        1.22       47.65
  Jumla Khalanga |      1,143        3.53       51.18
         Kailali |        412        1.27       52.46
           Kaski |        360        1.11       53.57
       Kathmandu |      1,400        4.33       57.89
          Liwang |      1,181        3.65       61.54
       Mangalsen |      1,059        3.27       64.82
        Manthali |        537        1.66       66.48
         Martadi |      1,056        3.26       69.74
          Morang |        376        1.16       70.90
         Musikot |      1,177        3.64       74.54
     Narayanghat |      1,298        4.01       78.55
       Nepalgunj |      1,192        3.68       82.24
           Parsa |        336        1.04       83.27
          Phidim |      1,156        3.57       86.85
         Pokhara |      1,165        3.60       90.45
     Putalibazar |        106        0.33       90.77
        Rajbiraj |      1,052        3.25       94.03
        Ramechap |         65        0.20       94.23
           Rolpa |        226        0.70       94.93
       Rupandehi |        403        1.25       96.17
         Simikot |        936        2.89       99.06
         Surkhet |        132        0.41       99.47
          Tansen |        171        0.53      100.00
-----------------+-----------------------------------
           Total |     32,357      100.00

. keep if market=="Birendranagar" | market=="Nepalgunj" | ///
>         market=="Kathmandu"     | market=="Birgunj"   | ///
>         market=="Dhankuta"      | market=="Biratnagar"
(24,690 observations deleted)

. tab market

          market |      Freq.     Percent        Cum.
-----------------+-----------------------------------
      Biratnagar |      1,195       15.56       15.56
   Birendranagar |      1,183       15.41       30.97
         Birgunj |      1,157       15.07       46.03
        Dhankuta |      1,552       20.21       66.25
       Kathmandu |      1,400       18.23       84.48
       Nepalgunj |      1,192       15.52      100.00
-----------------+-----------------------------------
           Total |      7,679      100.00

. * Select commodities for analysis 
. keep if commodity=="Rice (coarse)"    | commodity=="Wheat flour" | ///
>         commodity=="Lentils (broken)" | commodity=="Beans (black)" | ///
>             commodity=="Potatoes (red)"   | commodity=="Tomatoes" | ///
>         commodity=="Bananas"          | commodity=="Apples"   | ///
>         commodity=="Oil (soybean)"    | commodity=="Oil (mustard)"                              
(3,622 observations deleted)

. * Select years (others have few observations)
. keep if year>=2019 & year<=2023
(719 observations deleted)

.                 
. * Calculate seasonal price index
. egen avgprice = mean(realprice), by(year commodity market)

. gen sindex = 100*realprice/avgprice

. lab var commodity Commodity

. lab var month     Month

. lab def month1 1 J 2 F 3 M 4 A 5 M 6 J 7 J 8 A 9 S 10 O 11 N 12 D

. lab def month2 1 Jan 2 Feb 3 Mar 4 Apr 5 May 6 Jun 7 Jul 8 Aug 9 Sep 10 Oct 11 Nov 12 Dec

. lab val month month2

. * Loop through markets 
. disp ""


. disp "*************** Seasonality of real prices of 10 commodities in six markets**********"
*************** Seasonality of real prices of 10 commodities in six markets**********

. disp ""


. foreach mkt in "Birendranagar" "Nepalgunj" "Kathmandu" ///
>                "Birgunj"       "Dhankuta"   "Biratnagar" {
  2.         preserve
  3.         keep if market=="`mkt'"
  4.         disp ""
  5.         disp "Seasonal price indices for `mkt'"
  6.         table month commodity, stat(count sindex) stat(mean sindex) stat(sd sindex) ///
>           nformat(%5.1f) totals(commodity)
  7.         disp ""
  8.         egen maxprice = max(sindex), by(commodity year)
  9.         egen minprice = min(sindex), by(commodity year)
 10.         gen seasonality = maxprice-minprice
 11.         disp ""
 12.         disp "Measure of seasonality for `mkt' (max-min/avg)"
 13.         table commodity, stat(mean seasonality) stat(sd seasonality) stat(min seasonality) ///
>            stat(max seasonality) nototal nformat(%5.1fc)
 14.         restore  
 15. }
(2,774 observations deleted)

Seasonal price indices for Birendranagar

--------------------------------------------------------------------------------------------------------------------------------------------------------------------------------
                                |                                                                    Commodity                                                                  
                                |  Apples   Bananas   Beans (black)   Lentils (broken)   Oil (mustard)   Oil (soybean)   Potatoes (red)   Rice (coarse)   Tomatoes   Wheat flour
--------------------------------+-----------------------------------------------------------------------------------------------------------------------------------------------
Month                           |                                                                                                                                               
  Jan                           |                                                                                                                                               
    Number of nonmissing values |     4.0       4.0             4.0                4.0             4.0             4.0              4.0             4.0        4.0           4.0
    Mean                        |    95.0     102.5           104.8              100.4            99.9           100.2             85.9           103.7       75.4          95.0
    Standard deviation          |    21.9       7.9             5.7                7.4            15.0            14.4              8.5             9.3        7.4           3.8
  Feb                           |                                                                                                                                               
    Number of nonmissing values |     4.0       4.0             4.0                4.0             4.0             4.0              4.0             4.0        4.0           4.0
    Mean                        |    93.6      93.7           103.0              101.0            96.5           100.2             76.6           105.9       73.2          95.7
    Standard deviation          |    19.3       5.4             6.5               10.5             3.9            11.3              9.5             7.0       13.5           2.4
  Mar                           |                                                                                                                                               
    Number of nonmissing values |     4.0       4.0             4.0                4.0             4.0             4.0              4.0             4.0        4.0           4.0
    Mean                        |   115.1     103.9            99.8              103.8           101.2            99.2             84.7           106.8       81.6          95.3
    Standard deviation          |     3.4       6.1            15.5                8.2             9.3             9.8              9.2             8.6        7.9           2.7
  Apr                           |                                                                                                                                               
    Number of nonmissing values |     5.0       4.0             4.0                5.0             5.0             5.0              5.0             5.0        5.0           5.0
    Mean                        |   108.4     109.8           106.7               99.4           101.9           105.6             90.7           101.0       72.3          99.0
    Standard deviation          |    19.4      10.6             2.9                6.7            10.0             4.1             26.3             2.7       13.8           6.9
  May                           |                                                                                                                                               
    Number of nonmissing values |     5.0       5.0             4.0                5.0             5.0             5.0              5.0             5.0        5.0           5.0
    Mean                        |   122.5     100.2           101.0              102.9           102.2           106.6            104.9            99.3      111.3          96.4
    Standard deviation          |    19.1      10.8             3.0                4.8             2.6             6.6             23.1             7.5       33.2           4.6
  Jun                           |                                                                                                                                               
    Number of nonmissing values |     5.0       5.0             5.0                5.0             5.0             5.0              5.0             5.0        5.0           5.0
    Mean                        |   114.8     107.4            98.9               99.7           101.0           103.3             97.9            98.9      101.2          92.8
    Standard deviation          |    15.8       3.5             3.5                6.5             6.4             8.1             18.1             4.2       28.1           5.2
  Jul                           |                                                                                                                                               
    Number of nonmissing values |     5.0       5.0             5.0                5.0             5.0             5.0              5.0             5.0        5.0           5.0
    Mean                        |   135.2     103.4            98.5               99.4            98.9            96.6            100.4           100.6      127.7         103.6
    Standard deviation          |    25.5       8.2             6.0                4.9             8.7             6.0              8.4             3.9       36.7           9.5
  Aug                           |                                                                                                                                               
    Number of nonmissing values |     5.0       5.0             5.0                5.0             5.0             5.0              5.0             4.0        5.0           5.0
    Mean                        |    75.9     105.2            99.9              104.9           106.4            98.3            107.6            99.0      112.5         107.8
    Standard deviation          |    25.3      10.1             5.4                9.7             9.3             3.3              9.8             1.9       14.0          12.1
  Sep                           |                                                                                                                                               
    Number of nonmissing values |     5.0       4.0             5.0                5.0             5.0             5.0              5.0             5.0        5.0           5.0
    Mean                        |    73.4      95.5            97.1               96.5            97.6            97.5            107.6            94.8      107.1         102.1
    Standard deviation          |    18.6       4.4             5.2                3.5            11.1             5.2              8.5             8.4       21.5           3.3
  Oct                           |                                                                                                                                               
    Number of nonmissing values |     5.0       5.0             5.0                5.0             5.0             5.0              5.0             4.0        5.0           5.0
    Mean                        |    80.0      93.5            98.3               99.2            99.1            98.5            125.9            97.3      113.1         103.1
    Standard deviation          |    19.3       4.6             7.2                4.2             7.6            11.0             20.8             6.6       19.8           4.0
  Nov                           |                                                                                                                                               
    Number of nonmissing values |     5.0       5.0             5.0                5.0             5.0             5.0              5.0             5.0        5.0           5.0
    Mean                        |    88.1      95.0            97.2               96.7            96.5            97.6            104.1            96.4      107.3         102.3
    Standard deviation          |    14.6       8.2             5.8                7.6             4.9             7.2             14.2             5.9       28.6           5.1
  Dec                           |                                                                                                                                               
    Number of nonmissing values |     5.0       5.0             5.0                5.0             5.0             5.0              5.0             5.0        5.0           5.0
    Mean                        |    98.8      91.0            97.7               97.2            98.3            96.4            103.1            98.8      103.4         104.1
    Standard deviation          |    11.0       4.6             7.1                7.2             4.0             9.1             17.0             6.7       33.1           6.3
  Total                         |                                                                                                                                               
    Number of nonmissing values |    57.0      55.0            55.0               57.0            57.0            57.0             57.0            55.0       57.0          57.0
    Mean                        |   100.0     100.0           100.0              100.0           100.0           100.0            100.0           100.0      100.0         100.0
    Standard deviation          |    25.5       9.0             6.7                6.8             7.9             8.2             19.0             6.6       27.9           7.2
--------------------------------------------------------------------------------------------------------------------------------------------------------------------------------


Measure of seasonality for Birendranagar (max-min/avg)

-------------------------------------------------------------------------------
                   |  Mean   Standard deviation   Minimum value   Maximum value
-------------------+-----------------------------------------------------------
Commodity          |                                                           
  Apples           |  81.7                 13.8            59.9            96.7
  Bananas          |  26.8                  4.7            21.5            32.9
  Beans (black)    |  19.9                  7.7            10.5            31.2
  Lentils (broken) |  18.9                 11.1             7.3            38.5
  Oil (mustard)    |  23.8                 13.5             6.3            37.0
  Oil (soybean)    |  23.7                  9.3             6.3            35.3
  Potatoes (red)   |  61.0                 23.5            33.0            92.3
  Rice (coarse)    |  16.5                 10.5             8.8            36.9
  Tomatoes         |  88.9                 22.1            73.5           130.6
  Wheat flour      |  21.0                 11.4             8.6            41.1
-------------------------------------------------------------------------------
(2,771 observations deleted)

Seasonal price indices for Nepalgunj

--------------------------------------------------------------------------------------------------------------------------------------------------------------------------------
                                |                                                                    Commodity                                                                  
                                |  Apples   Bananas   Beans (black)   Lentils (broken)   Oil (mustard)   Oil (soybean)   Potatoes (red)   Rice (coarse)   Tomatoes   Wheat flour
--------------------------------+-----------------------------------------------------------------------------------------------------------------------------------------------
Month                           |                                                                                                                                               
  Jan                           |                                                                                                                                               
    Number of nonmissing values |     4.0       4.0             4.0                4.0             4.0             4.0              4.0             4.0        4.0           4.0
    Mean                        |    92.2      93.4           101.6               96.8           102.6            99.7             85.5            99.1       67.6          93.8
    Standard deviation          |     5.5      10.0             4.6                5.8            13.0            13.7             23.5             6.2       26.8           7.9
  Feb                           |                                                                                                                                               
    Number of nonmissing values |     4.0       4.0             4.0                4.0             4.0             4.0              4.0             4.0        4.0           4.0
    Mean                        |    85.1      93.2           102.1               95.1           101.7            99.3             86.9            99.3       58.1          95.8
    Standard deviation          |    11.5       7.7             4.7                6.8            12.4            12.5             22.1             7.0       16.4          13.0
  Mar                           |                                                                                                                                               
    Number of nonmissing values |     4.0       4.0             4.0                4.0             4.0             4.0              4.0             4.0        4.0           4.0
    Mean                        |    97.9      91.0           100.6               96.7            98.7            96.7             90.9            99.7       61.6          97.2
    Standard deviation          |     7.0       7.4             4.0                4.9            11.5             9.1             24.7             4.4       20.5          12.1
  Apr                           |                                                                                                                                               
    Number of nonmissing values |     5.0       5.0             4.0                5.0             5.0             5.0              5.0             5.0        5.0           5.0
    Mean                        |   100.1     105.5            97.3               98.2            98.1           102.2             85.9           100.6       77.9          99.5
    Standard deviation          |    20.7       5.8             5.1                6.4            14.6            10.7             12.3             4.0       17.9           8.1
  May                           |                                                                                                                                               
    Number of nonmissing values |     5.0       5.0             4.0                5.0             5.0             5.0              5.0             5.0        5.0           5.0
    Mean                        |    99.4     105.6            95.7               99.5           106.2           107.2             94.2           101.1      102.4         102.3
    Standard deviation          |    17.2       6.6             6.3                4.5             9.5             8.7             22.0             5.9       27.3           4.9
  Jun                           |                                                                                                                                               
    Number of nonmissing values |     5.0       5.0             5.0                5.0             5.0             5.0              5.0             5.0        5.0           5.0
    Mean                        |   101.0     104.8            99.0              102.3           105.3           106.7             97.6            98.3      112.5         100.6
    Standard deviation          |     5.7       9.2             3.9                3.4             5.2             8.1             21.0             2.8       21.4           4.3
  Jul                           |                                                                                                                                               
    Number of nonmissing values |     5.0       5.0             5.0                5.0             5.0             5.0              5.0             5.0        5.0           5.0
    Mean                        |   112.1     108.4           100.3              102.2           103.5           100.3             95.9           101.5      118.0          97.7
    Standard deviation          |    10.7       7.9             3.0                3.4             6.4             5.4             11.1             4.2       36.7           5.4
  Aug                           |                                                                                                                                               
    Number of nonmissing values |     5.0       5.0             5.0                5.0             5.0             5.0              5.0             5.0        5.0           5.0
    Mean                        |   111.7     113.3            97.9              104.4           100.9            97.8            110.0           102.7      123.0          96.4
    Standard deviation          |     9.1      13.4             1.4                6.0             6.8             6.2             17.9             3.6       12.7          13.0
  Sep                           |                                                                                                                                               
    Number of nonmissing values |     5.0       5.0             5.0                5.0             5.0             5.0              5.0             5.0        5.0           5.0
    Mean                        |    98.9      98.5            98.5              104.7            97.1            97.9            106.2           101.8      133.4         107.5
    Standard deviation          |    13.4      11.5             2.9                6.0             7.9             7.4              9.2             4.1       25.3           8.0
  Oct                           |                                                                                                                                               
    Number of nonmissing values |     5.0       5.0             5.0                5.0             5.0             5.0              5.0             4.0        5.0           5.0
    Mean                        |   100.2      94.7            96.7              100.0            94.1            97.3            107.8           101.1      114.0         105.5
    Standard deviation          |     7.4       9.3             8.0                5.4            11.2            10.8             17.6             6.5       23.5          10.9
  Nov                           |                                                                                                                                               
    Number of nonmissing values |     5.0       5.0             5.0                5.0             5.0             5.0              5.0             5.0        5.0           5.0
    Mean                        |    98.4      93.9           104.2               98.2            96.2            97.4            114.2            97.9      105.9         101.5
    Standard deviation          |     8.3       4.8             8.2                0.8            10.7            10.8             23.8             5.9       21.9          16.5
  Dec                           |                                                                                                                                               
    Number of nonmissing values |     5.0       5.0             5.0                5.0             5.0             5.0              5.0             5.0        5.0           5.0
    Mean                        |    98.2      93.1           105.5               99.6            96.1            96.5            117.5            96.7      103.0          99.5
    Standard deviation          |     6.3       8.6             8.8                2.9             9.3             9.6             20.3             9.3       29.6          18.0
  Total                         |                                                                                                                                               
    Number of nonmissing values |    57.0      57.0            55.0               57.0            57.0            57.0             57.0            56.0       57.0          57.0
    Mean                        |   100.0     100.0           100.0              100.0           100.0           100.0            100.0           100.0      100.0         100.0
    Standard deviation          |    12.3      10.7             5.8                5.3             9.8             9.3             20.4             5.3       32.2          10.6
--------------------------------------------------------------------------------------------------------------------------------------------------------------------------------


Measure of seasonality for Nepalgunj (max-min/avg)

-------------------------------------------------------------------------------
                   |  Mean   Standard deviation   Minimum value   Maximum value
-------------------+-----------------------------------------------------------
Commodity          |                                                           
  Apples           |  35.7                 18.3            11.8            57.8
  Bananas          |  34.5                  9.3            24.6            49.4
  Beans (black)    |  15.4                  8.7             8.6            34.0
  Lentils (broken) |  13.8                  8.4             7.5            29.2
  Oil (mustard)    |  26.4                 14.1             8.6            46.2
  Oil (soybean)    |  23.6                 11.1             9.7            39.9
  Potatoes (red)   |  54.7                 20.3            32.6            84.7
  Rice (coarse)    |  15.3                  5.9             5.2            19.9
  Tomatoes         |  92.1                 24.1            62.7           120.2
  Wheat flour      |  28.0                 12.1            10.9            46.6
-------------------------------------------------------------------------------
(2,811 observations deleted)

Seasonal price indices for Kathmandu

--------------------------------------------------------------------------------------------------------------------------------------------------------------------------------
                                |                                                                    Commodity                                                                  
                                |  Apples   Bananas   Beans (black)   Lentils (broken)   Oil (mustard)   Oil (soybean)   Potatoes (red)   Rice (coarse)   Tomatoes   Wheat flour
--------------------------------+-----------------------------------------------------------------------------------------------------------------------------------------------
Month                           |                                                                                                                                               
  Jan                           |                                                                                                                                               
    Number of nonmissing values |     4.0       4.0             4.0                4.0             4.0             4.0              4.0             5.0        4.0              
    Mean                        |    94.1      93.0            87.2               93.9           100.3            96.2             91.7            99.9       69.7              
    Standard deviation          |    10.8      13.9            15.7                7.4            30.4            19.7             24.6            12.5       12.8              
  Feb                           |                                                                                                                                               
    Number of nonmissing values |     4.0       4.0             4.0                4.0             4.0             4.0              4.0             5.0        4.0           1.0
    Mean                        |    94.2      98.8            90.1               95.8           102.5           100.3             74.2           105.8       70.0          93.1
    Standard deviation          |     4.3      13.4             4.6                4.4            17.3            15.0              4.4            10.7        7.2             .
  Mar                           |                                                                                                                                               
    Number of nonmissing values |     4.0       4.0             4.0                4.0             4.0             4.0              4.0             5.0        4.0              
    Mean                        |   102.2      97.9            97.3               94.1           105.7            98.9             80.2           106.8       91.8              
    Standard deviation          |    10.4       9.3             6.5                2.9            20.3             8.6              4.6            11.1       22.2              
  Apr                           |                                                                                                                                               
    Number of nonmissing values |     4.0       4.0             4.0                5.0             5.0             5.0              4.0             5.0        4.0              
    Mean                        |    92.2      90.7            97.1               96.5            96.2           101.4             83.2           109.2       84.6              
    Standard deviation          |     7.9      16.2             6.8                6.4            10.2             8.0             20.7            11.1       41.3              
  May                           |                                                                                                                                               
    Number of nonmissing values |     5.0       5.0             4.0                5.0             5.0             5.0              4.0             5.0        5.0           5.0
    Mean                        |   105.7     112.6            97.7              104.4           100.4           102.2             83.4            94.3      119.1          97.9
    Standard deviation          |    17.7      11.4            12.0                6.2             6.9             7.7             11.4             7.7       38.2           7.7
  Jun                           |                                                                                                                                               
    Number of nonmissing values |     5.0       5.0             5.0                5.0             5.0             5.0              5.0             5.0        5.0           5.0
    Mean                        |   123.3     110.2           102.4              106.3            96.8           101.9             94.7            97.7       88.0         103.4
    Standard deviation          |    21.1      16.7             9.8                6.8            14.1             6.2             12.3             3.2       27.2           5.7
  Jul                           |                                                                                                                                               
    Number of nonmissing values |     5.0       5.0             5.0                5.0             5.0             5.0              5.0             5.0        5.0           1.0
    Mean                        |   106.3     101.4           103.3               99.9            97.9           104.8            102.1            97.8      120.3         107.1
    Standard deviation          |    30.4       7.7             8.6                5.4            15.2            16.9             14.8             4.6       32.1             .
  Aug                           |                                                                                                                                               
    Number of nonmissing values |     5.0       5.0             5.0                5.0             5.0             5.0              5.0             5.0        5.0              
    Mean                        |   106.4     117.3            99.5              103.7           105.6           105.8            102.1            93.9      116.9              
    Standard deviation          |    21.6      26.0             8.2               13.7             6.5             9.1             11.9             7.8       17.1              
  Sep                           |                                                                                                                                               
    Number of nonmissing values |     5.0       5.0             5.0                5.0             5.0             5.0              5.0             5.0        5.0              
    Mean                        |    94.0      93.8           101.3               98.6            98.9           103.0            106.4            96.9      129.7              
    Standard deviation          |    21.8       8.6             4.6                3.1             7.0             6.4             25.8             6.9       30.6              
  Oct                           |                                                                                                                                               
    Number of nonmissing values |     5.0       5.0             5.0                5.0             5.0             5.0              5.0             4.0        5.0           3.0
    Mean                        |    88.2      89.9           102.8              102.0            97.2            97.8            159.7           100.3      108.4          94.5
    Standard deviation          |    10.0      14.0             9.0               11.9            11.1            19.6             30.7             6.6       14.2           4.0
  Nov                           |                                                                                                                                               
    Number of nonmissing values |     4.0       4.0             5.0                5.0             5.0             5.0              5.0             5.0        5.0           4.0
    Mean                        |    96.8      99.7           109.4              104.3            98.6            92.2            115.4           100.6      107.9         102.4
    Standard deviation          |     2.6      16.5             8.1               11.5            14.6             8.5             15.5            10.7       24.3           8.0
  Dec                           |                                                                                                                                               
    Number of nonmissing values |     5.0       5.0             5.0                5.0             5.0             5.0              5.0             4.0        5.0           3.0
    Mean                        |    92.5      90.7           105.8               97.1           101.8            94.6             89.4            95.9       76.9         100.0
    Standard deviation          |    13.5      11.9             8.2                4.5            15.5            12.6              8.9             8.0       20.5          13.5
  Total                         |                                                                                                                                               
    Number of nonmissing values |    55.0      55.0            55.0               57.0            57.0            57.0             55.0            58.0       56.0          22.0
    Mean                        |   100.0     100.0           100.0              100.0           100.0           100.0            100.0           100.0      100.0         100.0
    Standard deviation          |    18.0      15.9             9.9                8.2            13.7            11.7             27.2             9.4       30.8           7.7
--------------------------------------------------------------------------------------------------------------------------------------------------------------------------------


Measure of seasonality for Kathmandu (max-min/avg)

--------------------------------------------------------------------------------
                   |   Mean   Standard deviation   Minimum value   Maximum value
-------------------+------------------------------------------------------------
Commodity          |                                                            
  Apples           |   63.5                 15.8            47.8            94.1
  Bananas          |   50.7                 15.4            30.7            77.3
  Beans (black)    |   31.9                 13.3            22.3            56.8
  Lentils (broken) |   26.0                 10.9            11.6            39.7
  Oil (mustard)    |   41.4                 14.8            18.8            65.9
  Oil (soybean)    |   37.1                  9.1            19.3            48.6
  Potatoes (red)   |   90.4                 32.9            52.6           145.6
  Rice (coarse)    |   26.4                 10.2             9.7            39.4
  Tomatoes         |  101.3                 19.9            74.7           133.1
  Wheat flour      |   18.4                  6.2            11.4            27.8
--------------------------------------------------------------------------------
(2,781 observations deleted)

Seasonal price indices for Birgunj

--------------------------------------------------------------------------------------------------------------------------------------------------------------------------------
                                |                                                                    Commodity                                                                  
                                |  Apples   Bananas   Beans (black)   Lentils (broken)   Oil (mustard)   Oil (soybean)   Potatoes (red)   Rice (coarse)   Tomatoes   Wheat flour
--------------------------------+-----------------------------------------------------------------------------------------------------------------------------------------------
Month                           |                                                                                                                                               
  Jan                           |                                                                                                                                               
    Number of nonmissing values |     4.0       4.0             4.0                4.0             4.0             4.0              4.0             4.0        4.0           4.0
    Mean                        |    85.0      86.9            96.9               88.6            94.5            92.8             76.2            97.6       59.3         101.6
    Standard deviation          |    20.8      16.1             9.9                9.5            18.6            15.4             14.5             6.8        6.9          12.8
  Feb                           |                                                                                                                                               
    Number of nonmissing values |     4.0       4.0             4.0                4.0             4.0             4.0              4.0             4.0        4.0           4.0
    Mean                        |    91.0      89.4            95.6               92.2           100.8            96.8             68.1           113.7       49.5         103.4
    Standard deviation          |    20.2       6.5             9.9               12.8            21.3            17.9              8.1            22.6       12.4          10.2
  Mar                           |                                                                                                                                               
    Number of nonmissing values |     4.0       4.0             4.0                4.0             4.0             4.0              4.0             4.0        4.0           4.0
    Mean                        |    86.8     101.0            98.3               93.4            98.1           100.1             73.8            96.8       62.2          96.1
    Standard deviation          |    15.4      26.1             7.1                7.3             5.8            10.8             16.8            11.6        2.6           6.9
  Apr                           |                                                                                                                                               
    Number of nonmissing values |     4.0       4.0             4.0                5.0             5.0             5.0              5.0             4.0        5.0           5.0
    Mean                        |   103.3      96.3           101.4              100.8            95.5           102.9             81.6           100.1      104.3         107.4
    Standard deviation          |    25.2      23.3            12.8                6.7             6.6             3.0             17.2            13.3       79.6          15.6
  May                           |                                                                                                                                               
    Number of nonmissing values |     5.0       5.0             4.0                5.0             5.0             5.0              4.0             5.0        5.0           5.0
    Mean                        |   115.2     107.2           103.7              115.2           101.8           109.7            102.6           101.5      108.7          96.7
    Standard deviation          |    20.1       9.2            27.2               27.3            13.0            10.9             28.1            10.3       51.9           7.8
  Jun                           |                                                                                                                                               
    Number of nonmissing values |     5.0       5.0             4.0                5.0             5.0             5.0              5.0             5.0        5.0           5.0
    Mean                        |   129.6     111.3            99.5              107.2           100.1           105.1            103.8            94.6       96.0         101.5
    Standard deviation          |    15.5       6.5             4.6                8.4            10.3             8.3             24.2             5.8       13.9           5.7
  Jul                           |                                                                                                                                               
    Number of nonmissing values |     5.0       5.0             5.0                5.0             5.0             5.0              5.0             5.0        5.0           5.0
    Mean                        |   135.4     113.2           101.6              102.5           101.0           103.0            108.0            97.8      131.8         104.3
    Standard deviation          |    24.0       8.5             8.0               13.8            11.9            14.6             14.9             6.5       37.3           2.5
  Aug                           |                                                                                                                                               
    Number of nonmissing values |     4.0       4.0             5.0                5.0             5.0             4.0              5.0             5.0        5.0           5.0
    Mean                        |    86.1      96.7           100.8              107.2           100.2            94.4            117.9           105.4      134.2         101.0
    Standard deviation          |    17.8       6.9             2.9                5.6            12.4             5.7             17.7             9.7       32.3           4.7
  Sep                           |                                                                                                                                               
    Number of nonmissing values |     4.0       4.0             5.0                5.0             5.0             5.0              5.0             5.0        4.0           5.0
    Mean                        |    85.5     102.0           100.1               96.3           106.2            99.1            113.1           101.3      139.9          96.3
    Standard deviation          |    16.1       8.1            10.3               10.4            17.3             6.4             36.4             6.4       37.2           5.6
  Oct                           |                                                                                                                                               
    Number of nonmissing values |     5.0       5.0             5.0                5.0             5.0             5.0              5.0             5.0        5.0           5.0
    Mean                        |    90.7      96.9            98.7               97.1           101.0            97.9            127.6           101.0      121.5          98.3
    Standard deviation          |    11.4      13.8             9.5                7.7             9.2            15.8             27.0             6.2       28.7          11.0
  Nov                           |                                                                                                                                               
    Number of nonmissing values |     5.0       5.0             5.0                5.0             5.0             5.0              5.0             5.0        5.0           5.0
    Mean                        |    85.6      98.4           101.9              100.2           102.1            97.6            114.9            96.1      108.0          96.1
    Standard deviation          |     6.1      14.1             8.7                6.5             8.0             9.4             14.8             7.3       46.1          10.2
  Dec                           |                                                                                                                                               
    Number of nonmissing values |     5.0       5.0             5.0                5.0             5.0             5.0              5.0             5.0        5.0           5.0
    Mean                        |    93.4      95.2           100.5               94.2            97.4            97.5             96.6            95.7       66.9          97.5
    Standard deviation          |    18.2      20.3            10.5                8.9             6.8             8.6             13.2             7.5       17.6           9.7
  Total                         |                                                                                                                                               
    Number of nonmissing values |    54.0      54.0            54.0               57.0            57.0            56.0             56.0            56.0       56.0          57.0
    Mean                        |   100.0     100.0           100.0              100.0           100.0           100.0            100.0           100.0      100.0         100.0
    Standard deviation          |    24.1      15.1            10.2               12.9            11.5            11.1             26.3            10.3       45.3           9.0
--------------------------------------------------------------------------------------------------------------------------------------------------------------------------------


Measure of seasonality for Birgunj (max-min/avg)

--------------------------------------------------------------------------------
                   |   Mean   Standard deviation   Minimum value   Maximum value
-------------------+------------------------------------------------------------
Commodity          |                                                            
  Apples           |   73.9                  7.2            66.7            88.5
  Bananas          |   49.2                 14.7            32.4            68.5
  Beans (black)    |   32.2                 14.6            13.1            56.1
  Lentils (broken) |   36.1                 28.3             7.7            87.6
  Oil (mustard)    |   39.4                 10.3            22.6            51.9
  Oil (soybean)    |   36.1                  7.8            27.3            49.8
  Potatoes (red)   |   80.7                 11.4            69.5           100.3
  Rice (coarse)    |   32.5                 18.3             6.4            62.8
  Tomatoes         |  140.7                 35.3            99.2           206.1
  Wheat flour      |   28.5                 12.5            14.5            49.1
--------------------------------------------------------------------------------
(2,771 observations deleted)

Seasonal price indices for Dhankuta

--------------------------------------------------------------------------------------------------------------------------------------------------------------------------------
                                |                                                                    Commodity                                                                  
                                |  Apples   Bananas   Beans (black)   Lentils (broken)   Oil (mustard)   Oil (soybean)   Potatoes (red)   Rice (coarse)   Tomatoes   Wheat flour
--------------------------------+-----------------------------------------------------------------------------------------------------------------------------------------------
Month                           |                                                                                                                                               
  Jan                           |                                                                                                                                               
    Number of nonmissing values |     4.0       4.0             4.0                4.0             4.0             4.0              4.0             5.0        4.0           5.0
    Mean                        |    95.2      95.4            97.0               93.3           100.7            94.9             89.7            92.2       63.8          99.6
    Standard deviation          |     9.6      13.1             8.9                8.9            13.2             8.4             24.9             4.5       13.2           9.0
  Feb                           |                                                                                                                                               
    Number of nonmissing values |     4.0       4.0             4.0                4.0             4.0             4.0              4.0             5.0        4.0           5.0
    Mean                        |    92.2      99.4            98.1               96.9           100.2            97.2             76.8            93.6       62.9         100.5
    Standard deviation          |     7.6       9.8             9.3                6.2             9.8             7.0             13.1             2.7       13.9           7.4
  Mar                           |                                                                                                                                               
    Number of nonmissing values |     4.0       4.0             4.0                4.0             4.0             4.0              4.0             5.0        4.0           5.0
    Mean                        |   101.5     109.1            99.7               99.3           102.3           101.9             67.8            95.9       55.6         100.2
    Standard deviation          |     2.2       4.6             6.0                5.4             7.4             9.6              4.7             2.7       15.3           5.7
  Apr                           |                                                                                                                                               
    Number of nonmissing values |     4.0       4.0             4.0                5.0             5.0             5.0              5.0             5.0        4.0           5.0
    Mean                        |    91.6     105.8           100.6               99.1           104.8           105.3             70.9            96.4       78.0          97.7
    Standard deviation          |    22.1       6.4             7.6                5.9             4.5             6.3             14.1             4.1       21.3           3.2
  May                           |                                                                                                                                               
    Number of nonmissing values |     5.0       5.0             4.0                5.0             5.0             5.0              5.0             5.0        5.0           5.0
    Mean                        |    97.0      96.6           101.5              102.5           102.5           106.2             88.7           100.0       79.3         103.9
    Standard deviation          |    14.8      18.6             6.3                2.8             6.0             9.1             11.8             6.2       22.2           7.7
  Jun                           |                                                                                                                                               
    Number of nonmissing values |     5.0       5.0             5.0                5.0             5.0             5.0              5.0             5.0        5.0           5.0
    Mean                        |   110.3     104.6            97.2              100.4           104.7           105.1             98.4           101.9      105.1          96.8
    Standard deviation          |    20.0       5.9             7.2                2.1             5.5             8.9             16.2             6.8       32.8           4.6
  Jul                           |                                                                                                                                               
    Number of nonmissing values |     4.0       4.0             5.0                5.0             5.0             5.0              4.0             5.0        4.0           5.0
    Mean                        |    98.7     102.4           105.6              101.4            97.8            99.3            107.2           101.8      133.7          94.5
    Standard deviation          |     4.6      11.4            11.2                4.2             7.7             9.6             29.7             4.3       38.0           7.6
  Aug                           |                                                                                                                                               
    Number of nonmissing values |     5.0       5.0             5.0                5.0             5.0             5.0              5.0             5.0        5.0           5.0
    Mean                        |   109.2     108.3           100.6              105.6           102.6            97.6            120.2           102.4      121.4         100.5
    Standard deviation          |    21.5      23.6            15.9                6.4             6.3            10.9             13.0             7.0       36.5           9.6
  Sep                           |                                                                                                                                               
    Number of nonmissing values |     5.0       5.0             5.0                5.0             5.0             5.0              5.0             5.0        5.0           5.0
    Mean                        |   104.1      94.6            97.1              101.8            98.2            98.2            122.9           104.3      130.2         102.6
    Standard deviation          |    19.2       7.7             4.8                5.4             7.6             8.1             20.4             6.8       30.0           3.5
  Oct                           |                                                                                                                                               
    Number of nonmissing values |     5.0       5.0             5.0                5.0             5.0             5.0              5.0             5.0        5.0           5.0
    Mean                        |   109.7      90.7            97.4              102.9            99.1           100.1            130.1           108.0      136.9         103.9
    Standard deviation          |    16.8       5.4             5.6                5.0             9.3             5.0             14.1             6.2       43.7           6.3
  Nov                           |                                                                                                                                               
    Number of nonmissing values |     5.0       5.0             5.0                5.0             5.0             5.0              5.0             5.0        5.0           5.0
    Mean                        |    91.0      98.0           102.7              100.2            87.1            98.2            126.7           105.8      130.1         100.6
    Standard deviation          |    16.4      17.3            12.5                4.5            20.6             7.5             17.3             8.4       50.4           6.3
  Dec                           |                                                                                                                                               
    Number of nonmissing values |     5.0       5.0             5.0                5.0             5.0             5.0              5.0             5.0        5.0           5.0
    Mean                        |    95.4      97.7           101.7               94.5           100.5            95.0             89.0            97.7       81.8          99.2
    Standard deviation          |     4.8      13.2            13.2                5.8             7.5            12.3             22.0             9.9       26.8           9.2
  Total                         |                                                                                                                                               
    Number of nonmissing values |    55.0      55.0            55.0               57.0            57.0            57.0             56.0            60.0       55.0          60.0
    Mean                        |   100.0     100.0           100.0              100.0           100.0           100.0            100.0           100.0      100.0         100.0
    Standard deviation          |    15.4      13.0             9.2                5.9             9.8             8.8             26.6             7.3       41.0           6.8
--------------------------------------------------------------------------------------------------------------------------------------------------------------------------------


Measure of seasonality for Dhankuta (max-min/avg)

--------------------------------------------------------------------------------
                   |   Mean   Standard deviation   Minimum value   Maximum value
-------------------+------------------------------------------------------------
Commodity          |                                                            
  Apples           |   40.9                 29.3            11.1            79.9
  Bananas          |   38.3                 22.0            19.3            83.2
  Beans (black)    |   24.5                 10.9             9.1            36.6
  Lentils (broken) |   18.3                  7.8             9.4            32.0
  Oil (mustard)    |   28.4                 14.3            13.3            58.3
  Oil (soybean)    |   27.4                  5.3            20.6            33.0
  Potatoes (red)   |   85.0                  9.2            73.8            99.5
  Rice (coarse)    |   22.8                  4.3            16.8            28.7
  Tomatoes         |  117.5                 45.3            25.7           167.2
  Wheat flour      |   21.5                  8.6            12.4            34.2
--------------------------------------------------------------------------------
(2,782 observations deleted)

Seasonal price indices for Biratnagar

--------------------------------------------------------------------------------------------------------------------------------------------------------------------------------
                                |                                                                    Commodity                                                                  
                                |  Apples   Bananas   Beans (black)   Lentils (broken)   Oil (mustard)   Oil (soybean)   Potatoes (red)   Rice (coarse)   Tomatoes   Wheat flour
--------------------------------+-----------------------------------------------------------------------------------------------------------------------------------------------
Month                           |                                                                                                                                               
  Jan                           |                                                                                                                                               
    Number of nonmissing values |     4.0       4.0             4.0                4.0             4.0             4.0              4.0             4.0        4.0           4.0
    Mean                        |    93.9      98.8            99.8               98.0           102.6            97.8             72.3            93.1       52.1          99.3
    Standard deviation          |    15.4      10.8             4.8                7.4             8.2             7.0              6.4             5.2        7.5           3.9
  Feb                           |                                                                                                                                               
    Number of nonmissing values |     4.0       4.0             4.0                4.0             4.0             4.0              4.0             4.0        4.0           4.0
    Mean                        |    94.0      99.0            99.8              100.3           105.0           101.7             66.3            94.9       50.1          91.5
    Standard deviation          |    15.7      11.1             6.7                9.3            10.4            10.9              4.7             1.9        9.2           8.5
  Mar                           |                                                                                                                                               
    Number of nonmissing values |     4.0       4.0             4.0                4.0             4.0             4.0              4.0             4.0        4.0           4.0
    Mean                        |   104.3      96.3           101.8              100.5           102.0           101.4             59.2            94.6       54.9          95.3
    Standard deviation          |     7.8       4.7            10.4                6.7            12.4             9.8              4.3             3.0       24.9           4.1
  Apr                           |                                                                                                                                               
    Number of nonmissing values |     4.0       4.0             4.0                5.0             5.0             5.0              4.0             4.0        4.0           5.0
    Mean                        |    97.5      92.8            96.6               97.6           105.9           105.7             69.7            97.8       64.1          97.8
    Standard deviation          |     9.7      17.4             7.1                7.4             8.0             5.3             15.6             5.9       31.7           4.4
  May                           |                                                                                                                                               
    Number of nonmissing values |     4.0       5.0             4.0                5.0             5.0             5.0              5.0             5.0        5.0           5.0
    Mean                        |    98.3      99.9            98.8               97.9           105.8           106.6             76.7            98.6      105.8          96.2
    Standard deviation          |    12.2      17.3             3.7                2.0             6.4             6.4             12.2             6.6       35.6           5.6
  Jun                           |                                                                                                                                               
    Number of nonmissing values |     4.0       4.0             5.0                5.0             5.0             5.0              4.0             5.0        4.0           5.0
    Mean                        |    99.2     110.7           102.2              101.6           101.1           105.5            103.4            99.3      131.5          97.2
    Standard deviation          |    11.4       3.0             7.2                7.4             8.9            10.7             20.1             6.5       42.7           5.1
  Jul                           |                                                                                                                                               
    Number of nonmissing values |     4.0       4.0             5.0                5.0             5.0             5.0              5.0             5.0        5.0           5.0
    Mean                        |    99.3      93.7            97.3              100.8            92.1            94.8            102.9            96.8      135.6          98.7
    Standard deviation          |    19.1       9.4             4.7                8.2             7.1             6.9             24.7             6.9       46.6           4.1
  Aug                           |                                                                                                                                               
    Number of nonmissing values |     5.0       5.0             5.0                5.0             5.0             5.0              5.0             5.0        5.0           5.0
    Mean                        |   116.3     108.8            92.9               97.9            99.9            95.7            122.1            98.8      128.5         107.9
    Standard deviation          |    32.5      20.9             4.7               11.3            10.6             4.9             19.6             5.6       33.6           6.0
  Sep                           |                                                                                                                                               
    Number of nonmissing values |     5.0       5.0             5.0                5.0             5.0             5.0              5.0             5.0        5.0           5.0
    Mean                        |   102.8      99.4            98.7              101.2            93.8            97.8            136.0           105.4      107.0         107.4
    Standard deviation          |    18.5       5.7             4.3                8.7             4.5             4.0             11.8             9.3       10.4           5.1
  Oct                           |                                                                                                                                               
    Number of nonmissing values |     5.0       5.0             5.0                5.0             5.0             5.0              5.0             5.0        5.0           5.0
    Mean                        |    99.4      96.7            98.9              106.2            98.5            98.1            141.9           111.3      138.2         107.2
    Standard deviation          |    11.0      14.6             4.3                8.7             8.8             3.6             13.4             4.6       41.3           4.4
  Nov                           |                                                                                                                                               
    Number of nonmissing values |     5.0       5.0             5.0                5.0             5.0             5.0              5.0             5.0        5.0           5.0
    Mean                        |    94.3     104.1           105.3              101.0            97.8            97.4            139.9           106.3      130.5         101.2
    Standard deviation          |    14.1      20.1             9.8                8.7             7.6             7.2             17.3             6.3       44.3           7.3
  Dec                           |                                                                                                                                               
    Number of nonmissing values |     5.0       5.0             5.0                5.0             5.0             5.0              5.0             5.0        5.0           5.0
    Mean                        |    98.1      98.2           107.3               96.8            97.4            97.8             83.8            99.4       72.1          97.6
    Standard deviation          |    15.3       8.4            11.3                3.5            14.5             8.7             20.5            11.9       24.0           8.6
  Total                         |                                                                                                                                               
    Number of nonmissing values |    53.0      54.0            55.0               57.0            57.0            57.0             55.0            56.0       55.0          57.0
    Mean                        |   100.0     100.0           100.0              100.0           100.0           100.0            100.0           100.0      100.0         100.0
    Standard deviation          |    16.2      13.2             7.4                7.5             9.4             7.7             33.0             8.0       45.0           7.2
--------------------------------------------------------------------------------------------------------------------------------------------------------------------------------


Measure of seasonality for Biratnagar (max-min/avg)

--------------------------------------------------------------------------------
                   |   Mean   Standard deviation   Minimum value   Maximum value
-------------------+------------------------------------------------------------
Commodity          |                                                            
  Apples           |   40.6                 25.9            10.3            90.7
  Bananas          |   40.3                 20.7            15.6            63.5
  Beans (black)    |   23.7                  6.5            13.1            31.7
  Lentils (broken) |   25.9                  3.8            21.5            31.4
  Oil (mustard)    |   25.3                  8.1            18.7            40.5
  Oil (soybean)    |   23.1                 10.3             3.7            33.0
  Potatoes (red)   |   91.2                 11.5            73.1           105.0
  Rice (coarse)    |   24.0                  7.5            10.0            31.6
  Tomatoes         |  128.0                 31.0            74.5           164.6
  Wheat flour      |   22.9                  7.2            15.9            33.5
--------------------------------------------------------------------------------

. log close
      name:  <unnamed>
       log:  C:\Users\NMINOT\Dropbox (IFPRI)\Nepal USAID\Price analysis\Output/Nepal price seasonality.log
  log type:  text
 closed on:  21 Mar 2024, 16:33:31
---------------------------------------------------------------------------------------------------------------------------------------------------------------------------
